<?xml version="1.0" encoding="UTF-8"?>
<testsuite name="com.indiancensus.IndianCensusTest" tests="1" skipped="0" failures="0" errors="0" timestamp="2022-07-25T12:30:00" hostname="DESKTOP-8DEVOGL" time="0.03">
  <properties/>
  <testcase name="shouldReturCustomException_ifCSVHeaderIncorrect()" classname="com.indiancensus.IndianCensusTest" time="0.03"/>
  <system-out><![CDATA[]]></system-out>
  <system-err><![CDATA[]]></system-err>
</testsuite>
