<?xml version="1.0" encoding="UTF-8"?>
<testsuite name="com.indiancensus.IndianCensusTest" tests="5" skipped="0" failures="0" errors="0" timestamp="2022-07-25T12:16:41" hostname="DESKTOP-8DEVOGL" time="0.044">
  <properties/>
  <testcase name="shouldReturnCustomException_ifDelimiterIncorrect()" classname="com.indiancensus.IndianCensusTest" time="0.034"/>
  <testcase name="shouldReturnRecordsif_CSVFileIsDetected()" classname="com.indiancensus.IndianCensusTest" time="0.001"/>
  <testcase name="shouldExecuteProperly_IfRecordsAreEqual()" classname="com.indiancensus.IndianCensusTest" time="0.002"/>
  <testcase name="shouldReturCustomException_ifCSVHeaderIncorrect()" classname="com.indiancensus.IndianCensusTest" time="0.002"/>
  <testcase name="returnSize()" classname="com.indiancensus.IndianCensusTest" time="0.001"/>
  <system-out><![CDATA[]]></system-out>
  <system-err><![CDATA[]]></system-err>
</testsuite>
